This file contains any messages produced by compilers while
running configure, to aid debugging if configure makes a mistake.

It was created by DGRP Driver configure 1.0.0, which was
generated by GNU Autoconf 2.63.  Invocation command line was

  $ ./configure 

## --------- ##
## Platform. ##
## --------- ##

hostname = mozart
uname -m = x86_64
uname -r = 3.16.0-4-amd64
uname -s = Linux
uname -v = #1 SMP Debian 3.16.7-ckt20-1+deb8u4 (2016-02-29)

/usr/bin/uname -p = unknown
/bin/uname -X     = unknown

/bin/arch              = unknown
/usr/bin/arch -k       = unknown
/usr/convex/getsysinfo = unknown
/usr/bin/hostinfo      = unknown
/bin/machine           = unknown
/usr/bin/oslevel       = unknown
/bin/universe          = unknown

PATH: /home/njc/firefox
PATH: /home/njc/thunderbird
PATH: /home/njc/bin
PATH: /usr/local/java/bin
PATH: /usr/local/groovy/bin
PATH: /home/njc/bin
PATH: /home/njc/firefox
PATH: /home/njc/thunderbird
PATH: /home/njc/bin
PATH: /usr/local/bin
PATH: /usr/bin
PATH: /bin
PATH: /usr/local/games
PATH: /usr/games


## ----------- ##
## Core tests. ##
## ----------- ##

configure:1810: checking for Digi Driver package version
configure:1814: result: 1.9-36 built on 02/29/2016
configure:1820: checking for awk
configure:1839: found /usr/bin/awk
configure:1852: result: /usr/bin/awk
configure:1864: checking for arch
configure:1883: found /usr/bin/arch
configure:1896: result: /usr/bin/arch
configure:1908: checking for cat
configure:1927: found /bin/cat
configure:1940: result: /bin/cat
configure:1952: checking for cd
configure:1984: result: /bin/cd
configure:1996: checking for chkconfig
configure:2028: result: /sbin/chkconfig
configure:2040: checking for chmod
configure:2059: found /bin/chmod
configure:2072: result: /bin/chmod
configure:2084: checking for chown
configure:2103: found /bin/chown
configure:2116: result: /bin/chown
configure:2128: checking for cp
configure:2147: found /bin/cp
configure:2160: result: /bin/cp
configure:2172: checking for depmod
configure:2191: found /sbin/depmod
configure:2204: result: /sbin/depmod
configure:2216: checking for echo
configure:2235: found /bin/echo
configure:2248: result: /bin/echo
configure:2260: checking for fuser
configure:2279: found /bin/fuser
configure:2292: result: /bin/fuser
configure:2304: checking for grep
configure:2323: found /bin/grep
configure:2336: result: /bin/grep
configure:2348: checking for init
configure:2367: found /sbin/init
configure:2380: result: /sbin/init
configure:2392: checking for insmod
configure:2411: found /sbin/insmod
configure:2424: result: /sbin/insmod
configure:2440: checking for kill
configure:2459: found /bin/kill
configure:2472: result: /bin/kill
configure:2484: checking for ln
configure:2503: found /bin/ln
configure:2516: result: /bin/ln
configure:2528: checking for ls
configure:2547: found /bin/ls
configure:2560: result: /bin/ls
configure:2572: checking for lsmod
configure:2591: found /bin/lsmod
configure:2604: result: /bin/lsmod
configure:2616: checking for make
configure:2635: found /usr/bin/make
configure:2648: result: /usr/bin/make
configure:2659: checking for mkdir
configure:2678: found /bin/mkdir
configure:2691: result: /bin/mkdir
configure:2703: checking for mknod
configure:2722: found /bin/mknod
configure:2735: result: /bin/mknod
configure:2751: checking for more
configure:2770: found /bin/more
configure:2783: result: /bin/more
configure:2795: checking for mv
configure:2814: found /bin/mv
configure:2827: result: /bin/mv
configure:2839: checking for ps
configure:2858: found /bin/ps
configure:2871: result: /bin/ps
configure:2883: checking for rm
configure:2902: found /bin/rm
configure:2915: result: /bin/rm
configure:2927: checking for rmdir
configure:2946: found /bin/rmdir
configure:2959: result: /bin/rmdir
configure:2971: checking for rmmod
configure:2990: found /sbin/rmmod
configure:3003: result: /sbin/rmmod
configure:3019: checking for sed
configure:3038: found /bin/sed
configure:3051: result: /bin/sed
configure:3063: checking for sleep
configure:3082: found /bin/sleep
configure:3095: result: /bin/sleep
configure:3107: checking for stty
configure:3126: found /bin/stty
configure:3139: result: /bin/stty
configure:3151: checking for tar
configure:3170: found /bin/tar
configure:3183: result: /bin/tar
configure:3195: checking for tr
configure:3214: found /usr/bin/tr
configure:3227: result: /usr/bin/tr
configure:3239: checking for touch
configure:3258: found /usr/bin/touch
configure:3271: result: /usr/bin/touch
configure:3283: checking for true
configure:3302: found /bin/true
configure:3315: result: /bin/true
configure:3327: checking for udevadm
configure:3346: found /bin/udevadm
configure:3359: result: /bin/udevadm
configure:3371: checking for udevcontrol
configure:3403: result: Not Found
configure:3415: checking for udevd
configure:3434: found /sbin/udevd
configure:3447: result: /sbin/udevd
configure:3459: checking for udevinfo
configure:3491: result: Not Found
configure:3503: checking for uname
configure:3522: found /bin/uname
configure:3535: result: /bin/uname
configure:3563: checking for platform type
configure:3572: checking for gcc
configure:3588: found /usr/bin/gcc
configure:3599: result: gcc
configure:3710: checking for gcc version
configure:3878: checking for gcc
configure:3905: result: gcc
configure:4137: checking for C compiler version
configure:4145: gcc --version >&5
gcc (Debian 4.9.2-10) 4.9.2
Copyright (C) 2014 Free Software Foundation, Inc.
This is free software; see the source for copying conditions.  There is NO
warranty; not even for MERCHANTABILITY or FITNESS FOR A PARTICULAR PURPOSE.

configure:4149: $? = 0
configure:4156: gcc -v >&5
Using built-in specs.
COLLECT_GCC=gcc
COLLECT_LTO_WRAPPER=/usr/lib/gcc/x86_64-linux-gnu/4.9/lto-wrapper
Target: x86_64-linux-gnu
Configured with: ../src/configure -v --with-pkgversion='Debian 4.9.2-10' --with-bugurl=file:///usr/share/doc/gcc-4.9/README.Bugs --enable-languages=c,c++,java,go,d,fortran,objc,obj-c++ --prefix=/usr --program-suffix=-4.9 --enable-shared --enable-linker-build-id --libexecdir=/usr/lib --without-included-gettext --enable-threads=posix --with-gxx-include-dir=/usr/include/c++/4.9 --libdir=/usr/lib --enable-nls --with-sysroot=/ --enable-clocale=gnu --enable-libstdcxx-debug --enable-libstdcxx-time=yes --enable-gnu-unique-object --disable-vtable-verify --enable-plugin --with-system-zlib --disable-browser-plugin --enable-java-awt=gtk --enable-gtk-cairo --with-java-home=/usr/lib/jvm/java-1.5.0-gcj-4.9-amd64/jre --enable-java-home --with-jvm-root-dir=/usr/lib/jvm/java-1.5.0-gcj-4.9-amd64 --with-jvm-jar-dir=/usr/lib/jvm-exports/java-1.5.0-gcj-4.9-amd64 --with-arch-directory=amd64 --with-ecj-jar=/usr/share/java/eclipse-ecj.jar --enable-objc-gc --enable-multiarch --with-arch-32=i586 --with-abi=m64 --with-multilib-list=m32,m64,mx32 --enable-multilib --with-tune=generic --enable-checking=release --build=x86_64-linux-gnu --host=x86_64-linux-gnu --target=x86_64-linux-gnu
Thread model: posix
gcc version 4.9.2 (Debian 4.9.2-10) 
configure:4160: $? = 0
configure:4167: gcc -V >&5
gcc: error: unrecognized command line option '-V'
gcc: fatal error: no input files
compilation terminated.
configure:4171: $? = 4
configure:4194: checking for C compiler default output file name
configure:4216: gcc -O2   conftest.c  >&5
configure:4220: $? = 0
configure:4258: result: a.out
configure:4277: checking whether the C compiler works
configure:4287: ./a.out
configure:4291: $? = 0
configure:4310: result: yes
configure:4317: checking whether we are cross compiling
configure:4319: result: no
configure:4322: checking for suffix of executables
configure:4329: gcc -o conftest -O2   conftest.c  >&5
configure:4333: $? = 0
configure:4359: result: 
configure:4365: checking for suffix of object files
configure:4391: gcc -c -O2  conftest.c >&5
configure:4395: $? = 0
configure:4420: result: o
configure:4424: checking whether we are using the GNU C compiler
configure:4453: gcc -c -O2  conftest.c >&5
configure:4460: $? = 0
configure:4477: result: yes
configure:4486: checking whether gcc accepts -g
configure:4516: gcc -c -g  conftest.c >&5
configure:4523: $? = 0
configure:4624: result: yes
configure:4641: checking for gcc option to accept ISO C89
configure:4715: gcc  -c -O2  conftest.c >&5
configure:4722: $? = 0
configure:4745: result: none needed
configure:4787: gcc -o conftest -O2   conftest.c  >&5
conftest.c: In function 'main':
conftest.c:11:8: warning: incompatible implicit declaration of built-in function 'exit'
 main(){exit(0);}
        ^
configure:4791: $? = 0
configure:4797: ./conftest
configure:4801: $? = 0
configure:4855: gcc -o conftest -O2   conftest.c  >&5
/tmp/ccyOSIUu.o: In function `main':
conftest.c:(.text.startup+0x5): undefined reference to `__something_strange_'
collect2: error: ld returned 1 exit status
configure:4859: $? = 1
configure: program exited with status 1
configure: failed program was:
| /* confdefs.h.  */
| #define PACKAGE_NAME "DGRP Driver"
| #define PACKAGE_TARNAME "dgrp-driver"
| #define PACKAGE_VERSION "1.0.0"
| #define PACKAGE_STRING "DGRP Driver 1.0.0"
| #define PACKAGE_BUGREPORT "support@digi.com"
| #define INSMOD_BIN "/sbin/insmod"
| #define MKNOD_BIN "/bin/mknod"
| #define RMMOD_BIN "/sbin/rmmod"
| /* end confdefs.h.  */
| 
| main()
| {
|    int __something_strange_();
|    __something_strange_(0);
| }
| 
configure:4889: checking for current kernel version
configure:4908: result:  3.16.0-4-amd64 -> 3.16.0-4-64 -> 3.16.0
configure:4918: checking for kernel headers
configure:4984: result:  "/lib/modules/3.16.0-4-amd64/build"
configure:4995: checking extra version of kernel
configure:5007: result:  0 
configure:5015: checking if running kernel was compiled for SMP
configure:5023: result:  Yes 
configure:5029: checking what type of build we will do
configure:5074: result: KBUILD.
configure:5082: checking for modules directory
configure:5105: result:  "/lib/modules/3.16.0-4-amd64"
configure:5148: checking OpenSSL header version
configure:5191: gcc -o conftest -O2   conftest.c  >&5
conftest.c: In function 'main':
conftest.c:26:17: warning: incompatible implicit declaration of built-in function 'exit'
                 exit(1);
                 ^
configure:5195: $? = 0
configure:5201: ./conftest
configure:5205: $? = 0
configure:5209: result: 100010bf (OpenSSL 1.0.1k 8 Jan 2015)
configure:5281: gcc -o conftest -O2   conftest.c  -lcrypto >&5
configure:5288: $? = 0
configure:5405: checking OpenSSL library version
configure:5449: gcc -o conftest -O2   conftest.c  -lcrypto >&5
configure:5453: $? = 0
configure:5459: ./conftest
configure:5463: $? = 0
configure:5467: result: 100010bf (OpenSSL 1.0.1k 8 Jan 2015)
configure:5515: checking whether OpenSSL's headers match the library
configure:5544: gcc -o conftest -O2   conftest.c  -lcrypto >&5
conftest.c: In function 'main':
conftest.c:19:18: warning: incompatible implicit declaration of built-in function 'exit'
 int main(void) { exit(SSLeay() == OPENSSL_VERSION_NUMBER ? 0 : 1); }
                  ^
configure:5548: $? = 0
configure:5554: ./conftest
configure:5558: $? = 0
configure:5561: result: yes
configure:5606: checking whether your OpenSSL version is current enough
configure:5635: gcc -o conftest -O2   conftest.c  -lcrypto >&5
conftest.c: In function 'main':
conftest.c:19:18: warning: incompatible implicit declaration of built-in function 'exit'
 int main(void) { exit( (OPENSSL_VERSION_NUMBER >= 0x0090700f) ? 0 : 1); }
                  ^
configure:5639: $? = 0
configure:5645: ./conftest
configure:5649: $? = 0
configure:5652: result: yes
configure:5706: checking for tgetent...
configure:5729: gcc -o conftest -O2   conftest.c  >&5
/tmp/ccXohby3.o: In function `main':
conftest.c:(.text.startup+0xb): undefined reference to `tgetent'
collect2: error: ld returned 1 exit status
configure:5736: $? = 1
configure: failed program was:
| /* confdefs.h.  */
| #define PACKAGE_NAME "DGRP Driver"
| #define PACKAGE_TARNAME "dgrp-driver"
| #define PACKAGE_VERSION "1.0.0"
| #define PACKAGE_STRING "DGRP Driver 1.0.0"
| #define PACKAGE_BUGREPORT "support@digi.com"
| #define INSMOD_BIN "/sbin/insmod"
| #define MKNOD_BIN "/bin/mknod"
| #define RMMOD_BIN "/sbin/rmmod"
| #define KERNEL_RUNNING_VERSION "3.16.0-4-amd64"
| #define KERNEL_HEADERS "/lib/modules/3.16.0-4-amd64/build"
| #define KERNEL_EXTRAVERSION 0
| #define MODDIR "/lib/modules/3.16.0-4-amd64"
| #define HAVE_OPENSSL 1
| /* end confdefs.h.  */
| 
| int
| main ()
| {
| tgetent((char *)0, (char *)0);
|   ;
|   return 0;
| }
configure:5751: checking for libncurses...
configure:5776: gcc -o conftest -O2   conftest.c -lncurses  >&5
configure:5783: $? = 0
configure:5996: checking if Distro specified
configure:6033: result: None
configure:6038: checking if New TTY Locking was specified
configure:6053: result: No - Defaulting to a value of "No"
configure:6058: checking if New TTY Buffering was specified
configure:6073: result: No - Defaulting to a value of "No"
configure:6080: checking if UDEV checking is overridden
configure:6109: result:  No 
configure:6112: checking if UDEV exists
configure:6117: result:  No 
configure:6257: creating ./config.status

## ---------------------- ##
## Running config.status. ##
## ---------------------- ##

This file was extended by DGRP Driver config.status 1.0.0, which was
generated by GNU Autoconf 2.63.  Invocation command line was

  CONFIG_FILES    = 
  CONFIG_HEADERS  = 
  CONFIG_LINKS    = 
  CONFIG_COMMANDS = 
  $ ./config.status 

on mozart

config.status:785: creating Makefile
config.status:785: creating driver/build/Makefile
config.status:785: creating daemon/Makefile
config.status:785: creating ditty/Makefile
config.status:785: creating config/Makefile
config.status:785: creating dparp/os/Makefile.Linux
config.status:785: creating dgipserv/Makefile.linux
config.status:785: creating dgelreset/Makefile.linux
config.status:785: creating init/dgrp_udev
config.status:785: creating init/Makefile
config.status:785: creating commoninc/config.h
config.status:996: commoninc/config.h is unchanged
config.status:1014: executing default commands

## ---------------- ##
## Cache variables. ##
## ---------------- ##

ac_cv_c_compiler_gnu=yes
ac_cv_env_CC_set=
ac_cv_env_CC_value=
ac_cv_env_CFLAGS_set=
ac_cv_env_CFLAGS_value=
ac_cv_env_CPPFLAGS_set=
ac_cv_env_CPPFLAGS_value=
ac_cv_env_LDFLAGS_set=
ac_cv_env_LDFLAGS_value=
ac_cv_env_LIBS_set=
ac_cv_env_LIBS_value=
ac_cv_env_build_alias_set=
ac_cv_env_build_alias_value=
ac_cv_env_host_alias_set=
ac_cv_env_host_alias_value=
ac_cv_env_target_alias_set=
ac_cv_env_target_alias_value=
ac_cv_objext=o
ac_cv_path_ARCH=/usr/bin/arch
ac_cv_path_AWK=/usr/bin/awk
ac_cv_path_CAT=/bin/cat
ac_cv_path_CD=/bin/cd
ac_cv_path_CHKCONFIG=/sbin/chkconfig
ac_cv_path_CHMOD=/bin/chmod
ac_cv_path_CHOWN=/bin/chown
ac_cv_path_CP=/bin/cp
ac_cv_path_DEPMOD=/sbin/depmod
ac_cv_path_ECHO=/bin/echo
ac_cv_path_FUSER=/bin/fuser
ac_cv_path_GREP=/bin/grep
ac_cv_path_INIT=/sbin/init
ac_cv_path_INSMOD=/sbin/insmod
ac_cv_path_KILL=/bin/kill
ac_cv_path_LN=/bin/ln
ac_cv_path_LS=/bin/ls
ac_cv_path_LSMOD=/bin/lsmod
ac_cv_path_MAKE=/usr/bin/make
ac_cv_path_MKDIR=/bin/mkdir
ac_cv_path_MKNOD=/bin/mknod
ac_cv_path_MORE=/bin/more
ac_cv_path_MV=/bin/mv
ac_cv_path_PS=/bin/ps
ac_cv_path_RM=/bin/rm
ac_cv_path_RMDIR=/bin/rmdir
ac_cv_path_RMMOD=/sbin/rmmod
ac_cv_path_SED=/bin/sed
ac_cv_path_SLEEP=/bin/sleep
ac_cv_path_STTY=/bin/stty
ac_cv_path_TAR=/bin/tar
ac_cv_path_TOUCH=/usr/bin/touch
ac_cv_path_TR=/usr/bin/tr
ac_cv_path_TRUE=/bin/true
ac_cv_path_UDEVADM=/bin/udevadm
ac_cv_path_UDEVCONTROL='Not Found'
ac_cv_path_UDEVD=/sbin/udevd
ac_cv_path_UDEVINFO='Not Found'
ac_cv_path_UNAME=/bin/uname
ac_cv_prog_KGCC=gcc
ac_cv_prog_ac_ct_CC=gcc
ac_cv_prog_cc_c89=
ac_cv_prog_cc_g=yes

## ----------------- ##
## Output variables. ##
## ----------------- ##

ARCH='/usr/bin/arch'
AWK='/usr/bin/awk'
CAT='/bin/cat'
CC='gcc'
CD='/bin/cd'
CFLAGS='-O2'
CHKCONFIG='/sbin/chkconfig'
CHMOD='/bin/chmod'
CHOWN='/bin/chown'
CP='/bin/cp'
CPPFLAGS=''
DEFS='-DHAVE_CONFIG_H'
DEPMOD='/sbin/depmod'
DISTRO='NO_DISTRO'
ECHO='/bin/echo'
ECHO_C=''
ECHO_N='-n'
ECHO_T=''
EXEEXT=''
FULLPACKAGE='FULLPACKAGE'
FUSER='/bin/fuser'
GREP='/bin/grep'
INIT='/sbin/init'
INSMOD='/sbin/insmod'
KCFLAGS='-Wno-trigraphs -O2 -fno-strict-aliasing -fno-common -mno-red-zone -mcmodel=kernel -pipe -fno-reorder-blocks -finline-limit=2000 -fno-strength-reduce -Wno-sign-compare -fno-asynchronous-unwind-tables'
KERNEL_HEADERS='/lib/modules/3.16.0-4-amd64/build'
KGCC='gcc'
KILL='/bin/kill'
KINC='-I/lib/modules/3.16.0-4-amd64/build/include'
LDFLAGS=''
LIBOBJS=''
LIBS='-lncurses '
LN='/bin/ln'
LS='/bin/ls'
LSMOD='/bin/lsmod'
LTLIBOBJS=''
MAKE='/usr/bin/make'
MKDIR='/bin/mkdir'
MKNOD='/bin/mknod'
MODDIR='/lib/modules/3.16.0-4-amd64'
MORE='/bin/more'
MV='/bin/mv'
NEEDSSL='no'
NEW_TTY_BUFFERING='No'
NEW_TTY_LOCKING='No'
OBJEXT='o'
PACKAGE_BUGREPORT='support@digi.com'
PACKAGE_NAME='DGRP Driver'
PACKAGE_STRING='DGRP Driver 1.0.0'
PACKAGE_TARNAME='dgrp-driver'
PACKAGE_VERSION='1.0.0'
PATH_SEPARATOR=':'
PS='/bin/ps'
REGISTER_TTYS_WITH_SYSFS='No'
RM='/bin/rm'
RMDIR='/bin/rmdir'
RMMOD='/sbin/rmmod'
SED='/bin/sed'
SHELL='/bin/bash'
SLEEP='/bin/sleep'
SMP='SMP'
STTY='/bin/stty'
TAR='/bin/tar'
TOUCH='/usr/bin/touch'
TR='/usr/bin/tr'
TRUE='/bin/true'
UDEVADM='/bin/udevadm'
UDEVCONTROL='Not Found'
UDEVD='/sbin/udevd'
UDEVINFO='Not Found'
UDEV_SUPPORT='0'
UNAME='/bin/uname'
ac_ct_CC='gcc'
bindir='${exec_prefix}/bin'
build_alias=''
datadir='${datarootdir}'
datarootdir='${prefix}/share'
docdir='${datarootdir}/doc/${PACKAGE_TARNAME}'
dvidir='${docdir}'
exec_prefix='${prefix}'
host_alias=''
htmldir='${docdir}'
includedir='${prefix}/include'
infodir='${datarootdir}/info'
libdir='${exec_prefix}/lib'
libexecdir='${exec_prefix}/libexec'
localedir='${datarootdir}/locale'
localstatedir='${prefix}/var'
mandir='${datarootdir}/man'
oldincludedir='/usr/include'
pdfdir='${docdir}'
prefix='/usr'
program_transform_name='s,x,x,'
psdir='${docdir}'
sbindir='${exec_prefix}/sbin'
sharedstatedir='${prefix}/com'
sysconfdir='${prefix}/etc'
target_alias=''

## ----------- ##
## confdefs.h. ##
## ----------- ##

#define PACKAGE_NAME "DGRP Driver"
#define PACKAGE_TARNAME "dgrp-driver"
#define PACKAGE_VERSION "1.0.0"
#define PACKAGE_STRING "DGRP Driver 1.0.0"
#define PACKAGE_BUGREPORT "support@digi.com"
#define INSMOD_BIN "/sbin/insmod"
#define MKNOD_BIN "/bin/mknod"
#define RMMOD_BIN "/sbin/rmmod"
#define KERNEL_RUNNING_VERSION "3.16.0-4-amd64"
#define KERNEL_HEADERS "/lib/modules/3.16.0-4-amd64/build"
#define KERNEL_EXTRAVERSION 0
#define MODDIR "/lib/modules/3.16.0-4-amd64"
#define HAVE_OPENSSL 1
#define USING_NCURSES 1

configure: exit 0
